#
# A fatal error has been detected by the Java Runtime Environment:
#
#  EXCEPTION_ACCESS_VIOLATION (0xc0000005) at pc=0x00007ff87defd21a, pid=13068, tid=0x0000000000001990
#
# JRE version: Java(TM) SE Runtime Environment (8.0_121-b13) (build 1.8.0_121-b13)
# Java VM: Java HotSpot(TM) 64-Bit Server VM (25.121-b13 mixed mode windows-amd64 compressed oops)
# Problematic frame:
# C  [explorerframe.dll+0x5d21a]
#
# Failed to write core dump. Minidumps are not enabled by default on client versions of Windows
#
# If you would like to submit a bug report, please visit:
#   http://bugreport.java.com/bugreport/crash.jsp
# The crash happened outside the Java Virtual Machine in native code.
# See problematic frame for where to report the bug.
#

---------------  T H R E A D  ---------------

Current thread (0x000000001ea19800):  JavaThread "JavaFX Application Thread" [_thread_in_native, id=6544, stack(0x000000001f730000,0x000000001f830000)]

siginfo: ExceptionCode=0xc0000005, reading address 0x0000000000000000

Registers:
RAX=0x000000002a65dbe0, RBX=0x00000000279161c0, RCX=0x0000000000000000, RDX=0x00007ff87df12540
RSP=0x000000001f82a580, RBP=0x0000000000000000, RSI=0x0000000000000001, RDI=0x0000000000000000
R8 =0x0000000000000000, R9 =0x0000000000000000, R10=0x000000002a6af050, R11=0x0000000000000000
R12=0x000000002a6b0380, R13=0x000000000186b5e9, R14=0x0000000000000000, R15=0x0000000000000001
RIP=0x00007ff87defd21a, EFLAGS=0x0000000000010246

Top of Stack: (sp=0x000000001f82a580)
0x000000001f82a580:   000000002a4deb10 00000000279161c0
0x000000001f82a590:   0000000000000000 0000000000000001
0x000000001f82a5a0:   00000000279161c0 00000000abcdef42
0x000000001f82a5b0:   0000000000000001 00007ff87662f7fc
0x000000001f82a5c0:   000000002a4deb10 0000000000000021
0x000000001f82a5d0:   000000001f82a608 0000000000000040
0x000000001f82a5e0:   000000002a4deb10 00000000279161c0
0x000000001f82a5f0:   3f8000003ca3d70a 00000000000000c0
0x000000001f82a600:   0000000000000000 0000000012340036
0x000000001f82a610:   000000002a4deb10 00007ff87661cca0
0x000000001f82a620:   0000000000000000 0000000000fe0986
0x000000001f82a630:   00007ff714520100 0000000050afa8a5
0x000000001f82a640:   000000002a6b0380 0000000800000001
0x000000001f82a650:   0000000000000000 0000000000000000
0x000000001f82a660:   0000000000000000 0000000000000000
0x000000001f82a670:   0000000000000000 0000000000000001 

Instructions: (pc=0x00007ff87defd21a)
0x00007ff87defd1fa:   15 89 a3 19 00 f6 05 3a f4 17 00 04 0f 85 fd 87
0x00007ff87defd20a:   05 00 48 8b 8b 80 02 00 00 48 8d 15 26 53 01 00
0x00007ff87defd21a:   48 8b 01 48 8b 40 38 48 3b c2 0f 85 f1 87 05 00
0x00007ff87defd22a:   e8 11 53 01 00 8b f0 85 c0 74 0c ff 15 e5 e2 13 


Register to memory mapping:

RAX=0x000000002a65dbe0 is an unknown value
RBX=0x00000000279161c0 is an unknown value
RCX=0x0000000000000000 is an unknown value
RDX=0x00007ff87df12540 is an unknown value
RSP=0x000000001f82a580 is pointing into the stack for thread: 0x000000001ea19800
RBP=0x0000000000000000 is an unknown value
RSI=0x0000000000000001 is an unknown value
RDI=0x0000000000000000 is an unknown value
R8 =0x0000000000000000 is an unknown value
R9 =0x0000000000000000 is an unknown value
R10=0x000000002a6af050 is an unknown value
R11=0x0000000000000000 is an unknown value
R12=0x000000002a6b0380 is an unknown value
R13=0x000000000186b5e9 is an unknown value
R14=0x0000000000000000 is an unknown value
R15=0x0000000000000001 is an unknown value


Stack: [0x000000001f730000,0x000000001f830000],  sp=0x000000001f82a580,  free space=1001k
Native frames: (J=compiled Java code, j=interpreted, Vv=VM code, C=native code)

Java frames: (J=compiled Java code, j=interpreted, Vv=VM code)
j  com.sun.glass.ui.win.WinCommonDialogs._showFileChooser(JLjava/lang/String;Ljava/lang/String;Ljava/lang/String;IZ[Lcom/sun/glass/ui/CommonDialogs$ExtensionFilter;I)Lcom/sun/glass/ui/CommonDialogs$FileChooserResult;+0
j  com.sun.glass.ui.win.WinCommonDialogs.showFileChooser_impl(Lcom/sun/glass/ui/Window;Ljava/lang/String;Ljava/lang/String;Ljava/lang/String;IZ[Lcom/sun/glass/ui/CommonDialogs$ExtensionFilter;I)Lcom/sun/glass/ui/CommonDialogs$FileChooserResult;+35
j  com.sun.glass.ui.win.WinApplication.staticCommonDialogs_showFileChooser(Lcom/sun/glass/ui/Window;Ljava/lang/String;Ljava/lang/String;Ljava/lang/String;IZ[Lcom/sun/glass/ui/CommonDialogs$ExtensionFilter;I)Lcom/sun/glass/ui/CommonDialogs$FileChooserResult;+27
j  com.sun.glass.ui.CommonDialogs.showFileChooser(Lcom/sun/glass/ui/Window;Ljava/io/File;Ljava/lang/String;Ljava/lang/String;IZLjava/util/List;I)Lcom/sun/glass/ui/CommonDialogs$FileChooserResult;+121
j  com.sun.javafx.tk.quantum.QuantumToolkit.showFileChooser(Lcom/sun/javafx/tk/TKStage;Ljava/lang/String;Ljava/io/File;Ljava/lang/String;Lcom/sun/javafx/tk/FileChooserType;Ljava/util/List;Ljavafx/stage/FileChooser$ExtensionFilter;)Lcom/sun/glass/ui/CommonDialogs$FileChooserResult;+72
j  javafx.stage.FileChooser.showDialog(Ljavafx/stage/Window;Lcom/sun/javafx/tk/FileChooserType;)Ljava/util/List;+36
j  javafx.stage.FileChooser.showOpenDialog(Ljavafx/stage/Window;)Ljava/io/File;+5
j  br.com.wta.mfxloto.FXMLController$1.changed(Ljavafx/beans/value/ObservableValue;Ljava/lang/String;Ljava/lang/String;)V+179
j  br.com.wta.mfxloto.FXMLController$1.changed(Ljavafx/beans/value/ObservableValue;Ljava/lang/Object;Ljava/lang/Object;)V+10
j  com.sun.javafx.binding.ExpressionHelper$SingleChange.fireValueChangedEvent()V+71
J 1559 C1 javafx.beans.property.ReadOnlyObjectWrapper.fireValueChangedEvent()V (19 bytes) @ 0x0000000003c6160c [0x0000000003c61200+0x40c]
J 1097 C1 javafx.beans.property.ObjectPropertyBase.set(Ljava/lang/Object;)V (110 bytes) @ 0x0000000003b1feac [0x0000000003b1f6e0+0x7cc]
j  javafx.scene.control.SelectionModel.setSelectedItem(Ljava/lang/Object;)V+5
j  javafx.scene.control.MultipleSelectionModelBase.lambda$new$34(Ljavafx/beans/Observable;)V+9
j  javafx.scene.control.MultipleSelectionModelBase$$Lambda$71.invalidated(Ljavafx/beans/Observable;)V+5
j  com.sun.javafx.binding.ExpressionHelper$SingleInvalidation.fireValueChangedEvent()V+8
J 1008 C1 com.sun.javafx.binding.ExpressionHelper.fireValueChangedEvent(Lcom/sun/javafx/binding/ExpressionHelper;)V (9 bytes) @ 0x0000000003ad4a9c [0x0000000003ad4980+0x11c]
j  javafx.beans.property.ReadOnlyIntegerPropertyBase.fireValueChangedEvent()V+4
j  javafx.beans.property.ReadOnlyIntegerWrapper.fireValueChangedEvent()V+15
j  javafx.beans.property.IntegerPropertyBase.markInvalid()V+17
j  javafx.beans.property.IntegerPropertyBase.set(I)V+106
j  javafx.scene.control.SelectionModel.setSelectedIndex(I)V+5
j  javafx.scene.control.MultipleSelectionModelBase.select(I)V+125
j  javafx.scene.control.MultipleSelectionModelBase.clearAndSelect(I)V+95
j  javafx.scene.control.ListView$ListViewBitSetSelectionModel.clearAndSelect(I)V+14
j  com.sun.javafx.scene.control.behavior.CellBehaviorBase.simpleSelect(Ljavafx/scene/input/MouseButton;IZ)V+56
j  com.sun.javafx.scene.control.behavior.CellBehaviorBase.doSelect(DDLjavafx/scene/input/MouseButton;IZZ)V+165
j  com.sun.javafx.scene.control.behavior.CellBehaviorBase.mousePressed(Ljavafx/scene/input/MouseEvent;)V+55
j  com.sun.javafx.scene.control.skin.BehaviorSkinBase$1.handle(Ljavafx/scene/input/MouseEvent;)V+62
j  com.sun.javafx.scene.control.skin.BehaviorSkinBase$1.handle(Ljavafx/event/Event;)V+5
J 2181 C1 com.sun.javafx.event.CompositeEventHandler$NormalEventHandlerRecord.handleBubblingEvent(Ljavafx/event/Event;)V (11 bytes) @ 0x0000000003deafcc [0x0000000003deaec0+0x10c]
J 2070 C1 com.sun.javafx.event.CompositeEventHandler.dispatchBubblingEvent(Ljavafx/event/Event;)V (57 bytes) @ 0x0000000003da61cc [0x0000000003da5f80+0x24c]
J 2082 C1 com.sun.javafx.event.EventHandlerManager.dispatchBubblingEvent(Ljavafx/event/Event;)Ljavafx/event/Event; (23 bytes) @ 0x0000000003dab58c [0x0000000003daaee0+0x6ac]
J 2071 C1 com.sun.javafx.event.CompositeEventDispatcher.dispatchBubblingEvent(Ljavafx/event/Event;)Ljavafx/event/Event; (35 bytes) @ 0x0000000003da699c [0x0000000003da67e0+0x1bc]
J 2039 C1 com.sun.javafx.event.BasicEventDispatcher.dispatchEvent(Ljavafx/event/Event;Ljavafx/event/EventDispatchChain;)Ljavafx/event/Event; (44 bytes) @ 0x0000000003d91efc [0x0000000003d91bc0+0x33c]
J 2040 C1 com.sun.javafx.event.EventDispatchChainImpl.dispatchEvent(Ljavafx/event/Event;)Ljavafx/event/Event; (101 bytes) @ 0x0000000003d8f2fc [0x0000000003d8f140+0x1bc]
J 2039 C1 com.sun.javafx.event.BasicEventDispatcher.dispatchEvent(Ljavafx/event/Event;Ljavafx/event/EventDispatchChain;)Ljavafx/event/Event; (44 bytes) @ 0x0000000003d91e14 [0x0000000003d91bc0+0x254]
J 2040 C1 com.sun.javafx.event.EventDispatchChainImpl.dispatchEvent(Ljavafx/event/Event;)Ljavafx/event/Event; (101 bytes) @ 0x0000000003d8f2fc [0x0000000003d8f140+0x1bc]
J 2039 C1 com.sun.javafx.event.BasicEventDispatcher.dispatchEvent(Ljavafx/event/Event;Ljavafx/event/EventDispatchChain;)Ljavafx/event/Event; (44 bytes) @ 0x0000000003d91e14 [0x0000000003d91bc0+0x254]
J 2040 C1 com.sun.javafx.event.EventDispatchChainImpl.dispatchEvent(Ljavafx/event/Event;)Ljavafx/event/Event; (101 bytes) @ 0x0000000003d8f2fc [0x0000000003d8f140+0x1bc]
J 2039 C1 com.sun.javafx.event.BasicEventDispatcher.dispatchEvent(Ljavafx/event/Event;Ljavafx/event/EventDispatchChain;)Ljavafx/event/Event; (44 bytes) @ 0x0000000003d91e14 [0x0000000003d91bc0+0x254]
J 2040 C1 com.sun.javafx.event.EventDispatchChainImpl.dispatchEvent(Ljavafx/event/Event;)Ljavafx/event/Event; (101 bytes) @ 0x0000000003d8f2fc [0x0000000003d8f140+0x1bc]
J 2039 C1 com.sun.javafx.event.BasicEventDispatcher.dispatchEvent(Ljavafx/event/Event;Ljavafx/event/EventDispatchChain;)Ljavafx/event/Event; (44 bytes) @ 0x0000000003d91e14 [0x0000000003d91bc0+0x254]
J 2040 C1 com.sun.javafx.event.EventDispatchChainImpl.dispatchEvent(Ljavafx/event/Event;)Ljavafx/event/Event; (101 bytes) @ 0x0000000003d8f2fc [0x0000000003d8f140+0x1bc]
J 2039 C1 com.sun.javafx.event.BasicEventDispatcher.dispatchEvent(Ljavafx/event/Event;Ljavafx/event/EventDispatchChain;)Ljavafx/event/Event; (44 bytes) @ 0x0000000003d91e14 [0x0000000003d91bc0+0x254]
J 2040 C1 com.sun.javafx.event.EventDispatchChainImpl.dispatchEvent(Ljavafx/event/Event;)Ljavafx/event/Event; (101 bytes) @ 0x0000000003d8f2fc [0x0000000003d8f140+0x1bc]
J 2039 C1 com.sun.javafx.event.BasicEventDispatcher.dispatchEvent(Ljavafx/event/Event;Ljavafx/event/EventDispatchChain;)Ljavafx/event/Event; (44 bytes) @ 0x0000000003d91e14 [0x0000000003d91bc0+0x254]
J 2040 C1 com.sun.javafx.event.EventDispatchChainImpl.dispatchEvent(Ljavafx/event/Event;)Ljavafx/event/Event; (101 bytes) @ 0x0000000003d8f2fc [0x0000000003d8f140+0x1bc]
J 2365 C1 com.sun.javafx.event.EventUtil.fireEvent(Ljavafx/event/EventTarget;Ljavafx/event/Event;)Ljavafx/event/Event; (81 bytes) @ 0x0000000003e6fb84 [0x0000000003e6f440+0x744]
J 2364 C1 javafx.event.Event.fireEvent(Ljavafx/event/EventTarget;Ljavafx/event/Event;)V (35 bytes) @ 0x0000000003e6e7ac [0x0000000003e6e6e0+0xcc]
j  javafx.scene.Scene$MouseHandler.process(Ljavafx/scene/input/MouseEvent;Z)V+491
j  javafx.scene.Scene$MouseHandler.access$1500(Ljavafx/scene/Scene$MouseHandler;Ljavafx/scene/input/MouseEvent;Z)V+3
j  javafx.scene.Scene.impl_processMouseEvent(Ljavafx/scene/input/MouseEvent;)V+6
j  javafx.scene.Scene$ScenePeerListener.mouseEvent(Ljavafx/event/EventType;DDDDLjavafx/scene/input/MouseButton;ZZZZZZZZZ)V+46
j  com.sun.javafx.tk.quantum.GlassViewEventHandler$MouseEventNotification.run()Ljava/lang/Void;+514
j  com.sun.javafx.tk.quantum.GlassViewEventHandler$MouseEventNotification.run()Ljava/lang/Object;+1
v  ~StubRoutines::call_stub
J 2355  java.security.AccessController.doPrivileged(Ljava/security/PrivilegedAction;Ljava/security/AccessControlContext;)Ljava/lang/Object; (0 bytes) @ 0x0000000003e69de6 [0x0000000003e69d80+0x66]
j  com.sun.javafx.tk.quantum.GlassViewEventHandler.lambda$handleMouseEvent$354()Ljava/lang/Void;+11
j  com.sun.javafx.tk.quantum.GlassViewEventHandler$$Lambda$322.get()Ljava/lang/Object;+4
j  com.sun.javafx.tk.quantum.QuantumToolkit.runWithoutRenderLock(Ljava/util/function/Supplier;)Ljava/lang/Object;+18
j  com.sun.javafx.tk.quantum.GlassViewEventHandler.handleMouseEvent(Lcom/sun/glass/ui/View;JIIIIIIIZZ)V+103
j  com.sun.glass.ui.View.handleMouseEvent(JIIIIIIIZZ)V+30
j  com.sun.glass.ui.View.notifyMouse(IIIIIIIZZ)V+181
v  ~StubRoutines::call_stub
j  com.sun.glass.ui.win.WinApplication._runLoop(Ljava/lang/Runnable;)V+0
j  com.sun.glass.ui.win.WinApplication.lambda$null$148(ILjava/lang/Runnable;)V+8
j  com.sun.glass.ui.win.WinApplication$$Lambda$38.run()V+12
j  java.lang.Thread.run()V+11
v  ~StubRoutines::call_stub

---------------  P R O C E S S  ---------------

Java Threads: ( => current thread )
  0x000000002460c000 JavaThread "Prism Font Disposer" daemon [_thread_blocked, id=11504, stack(0x00000000259d0000,0x0000000025ad0000)]
  0x000000001ecbf000 JavaThread "Thread-3" daemon [_thread_in_native, id=8288, stack(0x0000000023cc0000,0x0000000023dc0000)]
  0x000000001eca5000 JavaThread "JavaFX-Launcher" [_thread_blocked, id=12768, stack(0x0000000023dc0000,0x0000000023ec0000)]
=>0x000000001ea19800 JavaThread "JavaFX Application Thread" [_thread_in_native, id=6544, stack(0x000000001f730000,0x000000001f830000)]
  0x000000001ea0c800 JavaThread "Thread-1" daemon [_thread_blocked, id=11060, stack(0x000000001f630000,0x000000001f730000)]
  0x000000001e9fe800 JavaThread "QuantumRenderer-0" daemon [_thread_blocked, id=6108, stack(0x000000001f430000,0x000000001f530000)]
  0x000000001e65b000 JavaThread "Service Thread" daemon [_thread_blocked, id=10556, stack(0x000000001ea30000,0x000000001eb30000)]
  0x000000001ccf1000 JavaThread "C1 CompilerThread2" daemon [_thread_blocked, id=7968, stack(0x000000001e530000,0x000000001e630000)]
  0x000000001ccee800 JavaThread "C2 CompilerThread1" daemon [_thread_blocked, id=11520, stack(0x000000001e430000,0x000000001e530000)]
  0x000000001cceb800 JavaThread "C2 CompilerThread0" daemon [_thread_blocked, id=6084, stack(0x000000001e330000,0x000000001e430000)]
  0x000000001ccea800 JavaThread "Attach Listener" daemon [_thread_blocked, id=8156, stack(0x000000001e230000,0x000000001e330000)]
  0x000000001cce7800 JavaThread "Signal Dispatcher" daemon [_thread_blocked, id=10324, stack(0x000000001e130000,0x000000001e230000)]
  0x000000001ccd0000 JavaThread "Finalizer" daemon [_thread_blocked, id=12528, stack(0x000000001df30000,0x000000001e030000)]
  0x000000001cca9000 JavaThread "Reference Handler" daemon [_thread_blocked, id=7884, stack(0x000000001de30000,0x000000001df30000)]
  0x0000000003618800 JavaThread "main" [_thread_blocked, id=13180, stack(0x00000000031a0000,0x00000000032a0000)]

Other Threads:
  0x000000001cca7800 VMThread [stack: 0x000000001dd30000,0x000000001de30000] [id=3136]
  0x000000001e720800 WatcherThread [stack: 0x000000001eb30000,0x000000001ec30000] [id=12144]

VM state:not at safepoint (normal execution)

VM Mutex/Monitor currently owned by a thread: None

Heap:
 PSYoungGen      total 76288K, used 14339K [0x000000076b400000, 0x0000000770900000, 0x00000007c0000000)
  eden space 65536K, 5% used [0x000000076b400000,0x000000076b784ee8,0x000000076f400000)
  from space 10752K, 99% used [0x000000076f400000,0x000000076fe7bd38,0x000000076fe80000)
  to   space 10752K, 0% used [0x000000076fe80000,0x000000076fe80000,0x0000000770900000)
 ParOldGen       total 175104K, used 160K [0x00000006c1c00000, 0x00000006cc700000, 0x000000076b400000)
  object space 175104K, 0% used [0x00000006c1c00000,0x00000006c1c28010,0x00000006cc700000)
 Metaspace       used 18228K, capacity 19514K, committed 19584K, reserved 1067008K
  class space    used 2657K, capacity 2929K, committed 2944K, reserved 1048576K

Card table byte_map: [0x0000000012ad0000,0x00000000132d0000] byte_map_base: 0x000000000f4c2000

Marking Bits: (ParMarkBitMap*) 0x0000000077e1b6d0
 Begin Bits: [0x0000000013c20000, 0x0000000017bb0000)
 End Bits:   [0x0000000017bb0000, 0x000000001bb40000)

Polling page: 0x0000000002f70000

CodeCache: size=245760Kb used=7692Kb max_used=7705Kb free=238067Kb
 bounds [0x0000000003710000, 0x0000000003ea0000, 0x0000000012710000]
 total_blobs=3067 nmethods=2426 adapters=553
 compilation: enabled

Compilation events (10 events):
Event: 7.034 Thread 0x000000001ccf1000 2425       3       com.sun.javafx.geom.RoundRectangle2D::contains (189 bytes)
Event: 7.034 Thread 0x000000001ccf1000 nmethod 2425 0x0000000003e931d0 code [0x0000000003e933c0, 0x0000000003e93d58]
Event: 7.034 Thread 0x000000001ccf1000 2426       3       com.sun.javafx.geom.RoundRectangle2D::isEmpty (24 bytes)
Event: 7.034 Thread 0x000000001ccf1000 nmethod 2426 0x0000000003e93f10 code [0x0000000003e94060, 0x0000000003e94290]
Event: 7.043 Thread 0x000000001ccee800 nmethod 2406 0x0000000003e978d0 code [0x0000000003e97a60, 0x0000000003e983c8]
Event: 7.045 Thread 0x000000001cceb800 nmethod 2419 0x0000000003e94a50 code [0x0000000003e94c60, 0x0000000003e95648]
Event: 7.311 Thread 0x000000001ccf1000 2427       1       com.sun.glass.ui.InvokeLaterDispatcher::access$000 (5 bytes)
Event: 7.312 Thread 0x000000001ccf1000 nmethod 2427 0x0000000003e94790 code [0x0000000003e948e0, 0x0000000003e949d0]
Event: 7.312 Thread 0x000000001ccf1000 2428       1       com.sun.glass.ui.InvokeLaterDispatcher$Future::isDone (5 bytes)
Event: 7.312 Thread 0x000000001ccf1000 nmethod 2428 0x0000000003e944d0 code [0x0000000003e94620, 0x0000000003e94730]

GC Heap History (2 events):
Event: 5.503 GC heap before
{Heap before GC invocations=1 (full 0):
 PSYoungGen      total 76288K, used 65536K [0x000000076b400000, 0x0000000770900000, 0x00000007c0000000)
  eden space 65536K, 100% used [0x000000076b400000,0x000000076f400000,0x000000076f400000)
  from space 10752K, 0% used [0x000000076fe80000,0x000000076fe80000,0x0000000770900000)
  to   space 10752K, 0% used [0x000000076f400000,0x000000076f400000,0x000000076fe80000)
 ParOldGen       total 175104K, used 0K [0x00000006c1c00000, 0x00000006cc700000, 0x000000076b400000)
  object space 175104K, 0% used [0x00000006c1c00000,0x00000006c1c00000,0x00000006cc700000)
 Metaspace       used 18024K, capacity 19312K, committed 19328K, reserved 1064960K
  class space    used 2648K, capacity 2928K, committed 2944K, reserved 1048576K
Event: 5.515 GC heap after
Heap after GC invocations=1 (full 0):
 PSYoungGen      total 76288K, used 10735K [0x000000076b400000, 0x0000000770900000, 0x00000007c0000000)
  eden space 65536K, 0% used [0x000000076b400000,0x000000076b400000,0x000000076f400000)
  from space 10752K, 99% used [0x000000076f400000,0x000000076fe7bd38,0x000000076fe80000)
  to   space 10752K, 0% used [0x000000076fe80000,0x000000076fe80000,0x0000000770900000)
 ParOldGen       total 175104K, used 160K [0x00000006c1c00000, 0x00000006cc700000, 0x000000076b400000)
  object space 175104K, 0% used [0x00000006c1c00000,0x00000006c1c28010,0x00000006cc700000)
 Metaspace       used 18024K, capacity 19312K, committed 19328K, reserved 1064960K
  class space    used 2648K, capacity 2928K, committed 2944K, reserved 1048576K
}

Deoptimization events (10 events):
Event: 5.517 Thread 0x000000001ea19800 Uncommon trap: reason=class_check action=maybe_recompile pc=0x0000000003b70538 method=com.sun.javafx.collections.ObservableListWrapper.get(I)Ljava/lang/Object; @ 5
Event: 5.519 Thread 0x000000001ccd0000 Uncommon trap: reason=unstable_if action=reinterpret pc=0x0000000003b74ddc method=java.lang.ref.ReferenceQueue.poll()Ljava/lang/ref/Reference; @ 4
Event: 5.521 Thread 0x000000001ea19800 Uncommon trap: reason=class_check action=maybe_recompile pc=0x0000000003b70538 method=com.sun.javafx.collections.ObservableListWrapper.get(I)Ljava/lang/Object; @ 5
Event: 5.522 Thread 0x000000001ea19800 Uncommon trap: reason=class_check action=maybe_recompile pc=0x0000000003b70538 method=com.sun.javafx.collections.ObservableListWrapper.get(I)Ljava/lang/Object; @ 5
Event: 5.545 Thread 0x000000001ea19800 Uncommon trap: reason=class_check action=maybe_recompile pc=0x0000000003d96888 method=javafx.scene.Node.updateLocalToParentTransform()V @ 11
Event: 5.545 Thread 0x000000001ea19800 Uncommon trap: reason=class_check action=maybe_recompile pc=0x0000000003d96888 method=javafx.scene.Node.updateLocalToParentTransform()V @ 11
Event: 5.545 Thread 0x000000001ea19800 Uncommon trap: reason=class_check action=maybe_recompile pc=0x0000000003d96888 method=javafx.scene.Node.updateLocalToParentTransform()V @ 11
Event: 6.669 Thread 0x000000001ea19800 Uncommon trap: reason=class_check action=maybe_recompile pc=0x0000000003b70538 method=com.sun.javafx.collections.ObservableListWrapper.get(I)Ljava/lang/Object; @ 5
Event: 7.016 Thread 0x000000001ea19800 Uncommon trap: reason=null_check action=make_not_entrant pc=0x0000000003e83f50 method=javafx.scene.Node$MiscProperties.getEffect()Ljavafx/scene/effect/Effect; @ 20
Event: 7.016 Thread 0x000000001ea19800 Uncommon trap: reason=bimorphic action=maybe_recompile pc=0x0000000003e81eb8 method=javafx.scene.Node.getGeomBounds(Lcom/sun/javafx/geom/BaseBounds;Lcom/sun/javafx/geom/transform/BaseTransform;)Lcom/sun/javafx/geom/BaseBounds; @ 1

Internal exceptions (10 events):
Event: 1.238 Thread 0x000000001ea19800 Exception <a 'java/lang/ArrayIndexOutOfBoundsException'> (0x000000076ce151f0) thrown at [C:\re\workspace\8-2-build-windows-amd64-cygwin\jdk8u121\8372\hotspot\src\share\vm\runtime\sharedRuntime.cpp, line 605]
Event: 1.239 Thread 0x000000001ea19800 Exception <a 'java/lang/ArrayIndexOutOfBoundsException'> (0x000000076ce15f20) thrown at [C:\re\workspace\8-2-build-windows-amd64-cygwin\jdk8u121\8372\hotspot\src\share\vm\runtime\sharedRuntime.cpp, line 605]
Event: 1.239 Thread 0x000000001ea19800 Exception <a 'java/lang/ArrayIndexOutOfBoundsException'> (0x000000076ce172c8) thrown at [C:\re\workspace\8-2-build-windows-amd64-cygwin\jdk8u121\8372\hotspot\src\share\vm\runtime\sharedRuntime.cpp, line 605]
Event: 1.294 Thread 0x000000001ea19800 Exception <a 'java/lang/ArrayIndexOutOfBoundsException'> (0x000000076d2122f8) thrown at [C:\re\workspace\8-2-build-windows-amd64-cygwin\jdk8u121\8372\hotspot\src\share\vm\runtime\sharedRuntime.cpp, line 605]
Event: 1.299 Thread 0x000000001ea19800 Exception <a 'java/lang/ArrayIndexOutOfBoundsException'> (0x000000076d2ed348) thrown at [C:\re\workspace\8-2-build-windows-amd64-cygwin\jdk8u121\8372\hotspot\src\share\vm\runtime\sharedRuntime.cpp, line 605]
Event: 1.300 Thread 0x000000001ea19800 Exception <a 'java/lang/ArrayIndexOutOfBoundsException'> (0x000000076d2f48d8) thrown at [C:\re\workspace\8-2-build-windows-amd64-cygwin\jdk8u121\8372\hotspot\src\share\vm\runtime\sharedRuntime.cpp, line 605]
Event: 1.310 Thread 0x000000001ea19800 Exception <a 'java/lang/ArrayIndexOutOfBoundsException'> (0x000000076d472548) thrown at [C:\re\workspace\8-2-build-windows-amd64-cygwin\jdk8u121\8372\hotspot\src\share\vm\runtime\sharedRuntime.cpp, line 605]
Event: 1.337 Thread 0x000000001ea19800 Exception <a 'java/lang/ArrayIndexOutOfBoundsException'> (0x000000076d6de838) thrown at [C:\re\workspace\8-2-build-windows-amd64-cygwin\jdk8u121\8372\hotspot\src\share\vm\runtime\sharedRuntime.cpp, line 605]
Event: 1.406 Thread 0x000000001ea19800 Implicit null exception at 0x00000000039dac35 to 0x00000000039dae29
Event: 7.016 Thread 0x000000001ea19800 Implicit null exception at 0x0000000003e839c0 to 0x0000000003e83f35

Events (10 events):
Event: 6.671 loading class com/sun/glass/ui/CommonDialogs
Event: 6.671 loading class com/sun/glass/ui/CommonDialogs done
Event: 6.673 loading class com/sun/glass/ui/win/WinCommonDialogs
Event: 6.673 loading class com/sun/glass/ui/win/WinCommonDialogs done
Event: 7.016 Thread 0x000000001ea19800 Uncommon trap: trap_request=0xfffffff4 fr.pc=0x0000000003e83f50
Event: 7.016 Thread 0x000000001ea19800 DEOPT PACKING pc=0x0000000003e83f50 sp=0x000000001f827970
Event: 7.016 Thread 0x000000001ea19800 DEOPT UNPACKING pc=0x000000000375582a sp=0x000000001f827850 mode 2
Event: 7.016 Thread 0x000000001ea19800 Uncommon trap: trap_request=0xffffffc6 fr.pc=0x0000000003e81eb8
Event: 7.017 Thread 0x000000001ea19800 DEOPT PACKING pc=0x0000000003e81eb8 sp=0x000000001f8278d0
Event: 7.017 Thread 0x000000001ea19800 DEOPT UNPACKING pc=0x000000000375582a sp=0x000000001f827858 mode 2


Dynamic libraries:
0x00007ff7148b0000 - 0x00007ff7148e7000 	C:\Program Files\Java\jdk1.8.0_121\bin\java.exe
0x00007ff899f00000 - 0x00007ff89a0d1000 	C:\WINDOWS\SYSTEM32\ntdll.dll
0x00007ff899bb0000 - 0x00007ff899c5c000 	C:\WINDOWS\System32\kernel32.dll
0x00007ff896780000 - 0x00007ff89699d000 	C:\WINDOWS\System32\KERNELBASE.dll
0x0000000050ad0000 - 0x0000000050b41000 	C:\Program Files\Sandboxie\SbieDll.dll
0x00007ff899b60000 - 0x00007ff899b68000 	C:\WINDOWS\System32\PSAPI.DLL
0x00007ff8976d0000 - 0x00007ff897772000 	C:\WINDOWS\System32\ADVAPI32.dll
0x00007ff899e60000 - 0x00007ff899efe000 	C:\WINDOWS\System32\msvcrt.dll
0x00007ff899b00000 - 0x00007ff899b59000 	C:\WINDOWS\System32\sechost.dll
0x00007ff897780000 - 0x00007ff8978a1000 	C:\WINDOWS\System32\RPCRT4.dll
0x00007ff899990000 - 0x00007ff899af5000 	C:\WINDOWS\System32\USER32.dll
0x00007ff897410000 - 0x00007ff89742e000 	C:\WINDOWS\System32\win32u.dll
0x00007ff899b70000 - 0x00007ff899ba4000 	C:\WINDOWS\System32\GDI32.dll
0x00007ff8964a0000 - 0x00007ff896622000 	C:\WINDOWS\System32\gdi32full.dll
0x00007ff88aed0000 - 0x00007ff88b14a000 	C:\WINDOWS\WinSxS\amd64_microsoft.windows.common-controls_6595b64144ccf1df_6.0.14393.953_none_42151e83c686086b\COMCTL32.dll
0x00007ff8990c0000 - 0x00007ff899388000 	C:\WINDOWS\System32\combase.dll
0x00007ff896630000 - 0x00007ff896725000 	C:\WINDOWS\System32\ucrtbase.dll
0x00007ff896cc0000 - 0x00007ff896d2a000 	C:\WINDOWS\System32\bcryptPrimitives.dll
0x00007ff898e30000 - 0x00007ff898e5e000 	C:\WINDOWS\System32\IMM32.DLL
0x00007ff894a30000 - 0x00007ff894ac5000 	C:\WINDOWS\system32\uxtheme.dll
0x00007ff898f60000 - 0x00007ff8990ba000 	C:\WINDOWS\System32\MSCTF.dll
0x00007ff897490000 - 0x00007ff89754f000 	C:\WINDOWS\System32\OLEAUT32.dll
0x00007ff8969a0000 - 0x00007ff896a3c000 	C:\WINDOWS\System32\msvcp_win.dll
0x00007ff894150000 - 0x00007ff894176000 	C:\WINDOWS\system32\dwmapi.dll
0x00007ff897920000 - 0x00007ff898e28000 	C:\WINDOWS\System32\shell32.dll
0x00007ff896730000 - 0x00007ff896772000 	C:\WINDOWS\System32\cfgmgr32.dll
0x00007ff896d30000 - 0x00007ff89740a000 	C:\WINDOWS\System32\windows.storage.dll
0x00007ff8963a0000 - 0x00007ff8963ec000 	C:\WINDOWS\System32\powrprof.dll
0x00007ff897560000 - 0x00007ff8975b2000 	C:\WINDOWS\System32\shlwapi.dll
0x00007ff896380000 - 0x00007ff89638f000 	C:\WINDOWS\System32\kernel.appcore.dll
0x00007ff896a40000 - 0x00007ff896ae9000 	C:\WINDOWS\System32\shcore.dll
0x00007ff896360000 - 0x00007ff896374000 	C:\WINDOWS\System32\profapi.dll
0x0000000050160000 - 0x0000000050232000 	C:\Program Files\Java\jdk1.8.0_121\jre\bin\msvcr100.dll
0x0000000077600000 - 0x0000000077e9b000 	C:\Program Files\Java\jdk1.8.0_121\jre\bin\server\jvm.dll
0x00007ff886f50000 - 0x00007ff886f59000 	C:\WINDOWS\SYSTEM32\WSOCK32.dll
0x00007ff8997e0000 - 0x00007ff89984a000 	C:\WINDOWS\System32\WS2_32.dll
0x00007ff8947a0000 - 0x00007ff8947c3000 	C:\WINDOWS\SYSTEM32\WINMM.dll
0x00007ff88f430000 - 0x00007ff88f43a000 	C:\WINDOWS\SYSTEM32\VERSION.dll
0x00007ff8946f0000 - 0x00007ff89471b000 	C:\WINDOWS\SYSTEM32\WINMMBASE.dll
0x00007ff893cf0000 - 0x00007ff893e75000 	C:\WINDOWS\SYSTEM32\PROPSYS.dll
0x0000000050150000 - 0x000000005015f000 	C:\Program Files\Java\jdk1.8.0_121\jre\bin\verify.dll
0x00000000500c0000 - 0x00000000500e9000 	C:\Program Files\Java\jdk1.8.0_121\jre\bin\java.dll
0x00007ff899850000 - 0x00007ff899988000 	C:\WINDOWS\System32\ole32.dll
0x00000000500a0000 - 0x00000000500b6000 	C:\Program Files\Java\jdk1.8.0_121\jre\bin\zip.dll
0x00007ff877b70000 - 0x00007ff877c5f000 	C:\Program Files\Java\jdk1.8.0_121\jre\bin\msvcr120.dll
0x00007ff877ac0000 - 0x00007ff877b66000 	C:\Program Files\Java\jdk1.8.0_121\jre\bin\msvcp120.dll
0x0000000077380000 - 0x00000000773a2000 	C:\Program Files\Java\jdk1.8.0_121\jre\bin\prism_d3d.dll
0x00007ff86f490000 - 0x00007ff86f61d000 	C:\WINDOWS\system32\d3d9.dll
0x00007ff85e730000 - 0x00007ff860c6e000 	C:\WINDOWS\SYSTEM32\igdumdim64.dll
0x00007ff899390000 - 0x00007ff8997b9000 	C:\WINDOWS\System32\SETUPAPI.dll
0x0000000076690000 - 0x00000000766d3000 	C:\Program Files\Java\jdk1.8.0_121\jre\bin\glass.dll
0x00007ff898e60000 - 0x00007ff898f5a000 	C:\WINDOWS\System32\COMDLG32.dll
0x00007ff88d250000 - 0x00007ff88dc90000 	C:\WINDOWS\SYSTEM32\igdusc64.dll
0x0000000077360000 - 0x0000000077374000 	C:\Program Files\Java\jdk1.8.0_121\jre\bin\javafx_font.dll
0x00007ff88c2b0000 - 0x00007ff88c519000 	C:\WINDOWS\SYSTEM32\dwrite.dll
0x00007ff897630000 - 0x00007ff8976cf000 	C:\WINDOWS\System32\clbcatq.dll
0x00007ff88ddd0000 - 0x00007ff88df78000 	C:\WINDOWS\SYSTEM32\WindowsCodecs.dll
0x00007ff87e330000 - 0x00007ff87e379000 	C:\WINDOWS\system32\dataexchange.dll
0x00007ff893630000 - 0x00007ff8938e6000 	C:\WINDOWS\system32\d3d11.dll
0x00007ff893ff0000 - 0x00007ff894141000 	C:\WINDOWS\system32\dcomp.dll
0x00007ff8952e0000 - 0x00007ff89537f000 	C:\WINDOWS\system32\dxgi.dll
0x00007ff894db0000 - 0x00007ff894ecc000 	C:\WINDOWS\system32\twinapi.appcore.dll
0x00007ff895f40000 - 0x00007ff895f6b000 	C:\WINDOWS\system32\bcrypt.dll
0x00007ff889f30000 - 0x00007ff889f62000 	C:\Program Files\Common Files\Microsoft Shared\Ink\rtscom.dll
0x0000000076670000 - 0x0000000076681000 	C:\Program Files\Java\jdk1.8.0_121\jre\bin\prism_common.dll
0x00007ff8799f0000 - 0x00007ff879a88000 	C:\Program Files\Common Files\microsoft shared\ink\tiptsf.dll
0x00007ff87f340000 - 0x00007ff87f382000 	C:\WINDOWS\SYSTEM32\edputil.dll
0x00007ff87dea0000 - 0x00007ff87e324000 	C:\WINDOWS\system32\explorerframe.dll
0x00007ff883420000 - 0x00007ff8835c8000 	C:\WINDOWS\system32\DUI70.dll
0x00007ff876610000 - 0x00007ff8766a4000 	C:\WINDOWS\system32\DUser.dll
0x00007ff87d460000 - 0x00007ff87d4b3000 	C:\Windows\System32\thumbcache.dll
0x00007ff88aaf0000 - 0x00007ff88ab33000 	C:\WINDOWS\SYSTEM32\policymanager.dll
0x00007ff894d10000 - 0x00007ff894da1000 	C:\WINDOWS\SYSTEM32\msvcp110_win.dll
0x00007ff881020000 - 0x00007ff881335000 	C:\WINDOWS\SYSTEM32\MsftEdit.dll
0x00007ff88c120000 - 0x00007ff88c2aa000 	C:\Windows\System32\Windows.Globalization.dll
0x00007ff893e80000 - 0x00007ff893ee7000 	C:\Windows\System32\Bcp47Langs.dll
0x00007ff893600000 - 0x00007ff89362e000 	C:\WINDOWS\SYSTEM32\globinputhost.dll
0x00007ff88c0e0000 - 0x00007ff88c116000 	C:\WINDOWS\system32\xmllite.dll
0x00007ff88f0b0000 - 0x00007ff88f115000 	C:\WINDOWS\system32\OLEACC.dll
0x00007ff882b20000 - 0x00007ff882cca000 	C:\Windows\System32\uiautomationcore.dll
0x00007ff895b10000 - 0x00007ff895b2f000 	C:\Windows\System32\USERENV.dll
0x00007ff896230000 - 0x00007ff8962c8000 	C:\WINDOWS\SYSTEM32\sxs.dll
0x00007ff879f60000 - 0x00007ff879f69000 	C:\WINDOWS\SYSTEM32\atlthunk.dll
0x00007ff88a030000 - 0x00007ff88a0d0000 	C:\WINDOWS\System32\StructuredQuery.dll
0x00007ff870fe0000 - 0x00007ff8710aa000 	C:\WINDOWS\system32\Windows.Storage.Search.dll
0x00007ff8978b0000 - 0x00007ff89791e000 	C:\WINDOWS\System32\coml2.dll
0x00007ff87f390000 - 0x00007ff87f3a0000 	C:\WINDOWS\SYSTEM32\LINKINFO.dll
0x00007ff88a3b0000 - 0x00007ff88a715000 	C:\Windows\System32\ActXPrxy.dll
0x00007ff886260000 - 0x00007ff88626c000 	C:\WINDOWS\SYSTEM32\Secur32.dll
0x00007ff896060000 - 0x00007ff89608c000 	C:\WINDOWS\SYSTEM32\SSPICLI.DLL
0x00007ff87ec60000 - 0x00007ff87ecdd000 	C:\Windows\System32\twinapi.dll
0x00007ff889200000 - 0x00007ff8892d2000 	C:\WINDOWS\SYSTEM32\ntshrui.dll
0x00007ff8891d0000 - 0x00007ff8891f6000 	C:\WINDOWS\SYSTEM32\srvcli.dll
0x00007ff8891b0000 - 0x00007ff8891c2000 	C:\WINDOWS\SYSTEM32\cscapi.dll
0x00007ff894720000 - 0x00007ff89479a000 	C:\WINDOWS\SYSTEM32\apphelp.dll
0x00007ff876d60000 - 0x00007ff876f72000 	C:\Users\w_tel\AppData\Local\Microsoft\OneDrive\17.3.6816.0313_1\amd64\FileSyncShell64.dll
0x00007ff881880000 - 0x00007ff881b4a000 	C:\WINDOWS\SYSTEM32\WININET.dll
0x00007ff891410000 - 0x00007ff89142f000 	C:\Users\w_tel\AppData\Local\Microsoft\OneDrive\17.3.6816.0313_1\amd64\LoggingPlatform64.DLL
0x00007ff88a1d0000 - 0x00007ff88a206000 	C:\Windows\System32\EhStorShell.dll
0x00007ff8932d0000 - 0x00007ff893394000 	C:\WINDOWS\System32\cscui.dll
0x00007ff884c40000 - 0x00007ff884d67000 	C:\WINDOWS\system32\NetworkExplorer.dll
0x00007ff880dc0000 - 0x00007ff880ddb000 	C:\WINDOWS\SYSTEM32\MPR.dll
0x00007ff88a9e0000 - 0x00007ff88a9f6000 	C:\WINDOWS\System32\ntlanman.dll
0x00007ff88a9d0000 - 0x00007ff88a9db000 	C:\WINDOWS\System32\drprov.dll
0x00007ff8954c0000 - 0x00007ff895516000 	C:\WINDOWS\System32\WINSTA.dll
0x00007ff88a760000 - 0x00007ff88a780000 	C:\WINDOWS\System32\davclnt.dll
0x00007ff88a9c0000 - 0x00007ff88a9cc000 	C:\WINDOWS\System32\DAVHLPR.dll
0x00007ff892c80000 - 0x00007ff892c96000 	C:\WINDOWS\System32\wkscli.dll
0x00007ff895b00000 - 0x00007ff895b0d000 	C:\WINDOWS\System32\netutils.dll
0x00007ff884610000 - 0x00007ff8847a2000 	C:\WINDOWS\SYSTEM32\dbghelp.dll
0x00007ff8647f0000 - 0x00007ff86483d000 	C:\Windows\System32\dlnashext.dll
0x00007ff879820000 - 0x00007ff879890000 	C:\Windows\System32\PlayToDevice.dll
0x00007ff8892e0000 - 0x00007ff8892fe000 	C:\Windows\System32\DevDispItemProvider.dll

VM Arguments:
java_command: br.com.wta.mfxloto.MainApp
java_class_path (initial): D:\w_tel\Documents\NetBeansProjects\MFXLoto\target\classes;C:\Users\w_tel\.m2\repository\com\jfoenix\jfoenix\1.5.0\jfoenix-1.5.0.jar;C:\Users\w_tel\.m2\repository\nz\ac\waikato\cms\weka\weka-stable\3.8.1\weka-stable-3.8.1.jar;C:\Users\w_tel\.m2\repository\nz\ac\waikato\cms\weka\thirdparty\java-cup-11b\2015.03.26\java-cup-11b-2015.03.26.jar;C:\Users\w_tel\.m2\repository\nz\ac\waikato\cms\weka\thirdparty\java-cup-11b-runtime\2015.03.26\java-cup-11b-runtime-2015.03.26.jar;C:\Users\w_tel\.m2\repository\nz\ac\waikato\cms\weka\thirdparty\bounce\0.18\bounce-0.18.jar;C:\Users\w_tel\.m2\repository\com\googlecode\matrix-toolkits-java\mtj\1.0.4\mtj-1.0.4.jar;C:\Users\w_tel\.m2\repository\com\github\fommil\netlib\netlib-native_ref-osx-x86_64\1.1\netlib-native_ref-osx-x86_64-1.1-natives.jar;C:\Users\w_tel\.m2\repository\com\github\fommil\netlib\native_ref-java\1.1\native_ref-java-1.1.jar;C:\Users\w_tel\.m2\repository\com\github\fommil\jniloader\1.1\jniloader-1.1.jar;C:\Users\w_tel\.m2\repository\com\github\fommil\netlib\netlib-native_ref-linux-x86_64\1.1\netlib-native_ref-linux-x86_64-1.1-natives.jar;C:\Users\w_tel\.m2\repository\com\github\fommil\netlib\netlib-native_ref-linux-i686\1.1\netlib-native_ref-linux-i686-1.1-natives.jar;C:\Users\w_tel\.m2\repository\com\github\fommil\netlib\netlib-native_ref-win-x86_64\1.1\netlib-native_ref-win-x86_64-1.1-natives.jar;C:\Users\w_tel\.m2\repository\com\github\fommil\netlib\netlib-native_ref-win-i686\1.1\netlib-native_ref-win-i686-1.1-natives.jar;C:\Users\w_tel\.m2\repository\com\github\fommil\netlib\netlib-native_ref-linux-armhf\1.1\netlib-native_ref-linux-armhf-1.1-natives.jar;C:\Users\w_tel\.m2\repository\com\github\fommil\netlib\netlib-native_system-osx-x86_64\1.1\netlib-native_system-osx-x86_64-1.1-natives.jar;C:\Users\w_tel\.m2\repository\com\github\fommil\netlib\native_system-java\1.1\native_system-java-1.1.jar;C:\Users\w_tel\.m2\repository\com\github\fommil\netlib\netlib-native_system-linux-x86_64\1.1
Launcher Type: SUN_STANDARD

Environment Variables:
JAVA_HOME=C:\Program Files\Java\jdk1.8.0_121
PATH=C:\WINDOWS\system32;C:\WINDOWS;C:\WINDOWS\System32\Wbem;C:\WINDOWS\System32\WindowsPowerShell\v1.0\;C:\Program Files\OpenVPN\bin;C:\Program Files (x86)\NVIDIA Corporation\PhysX\Common;C:\Program Files\Mercurial;C:\Users\w_tel\AppData\Local\Microsoft\WindowsApps;
USERNAME=w_tel
OS=Windows_NT
PROCESSOR_IDENTIFIER=Intel64 Family 6 Model 60 Stepping 3, GenuineIntel



---------------  S Y S T E M  ---------------

OS: Windows 10.0 , 64 bit Build 14393 (10.0.14393.1198)

CPU:total 4 (2 cores per cpu, 2 threads per core) family 6 model 60 stepping 3, cmov, cx8, fxsr, mmx, sse, sse2, sse3, ssse3, sse4.1, sse4.2, popcnt, avx, avx2, aes, clmul, erms, lzcnt, ht, tsc, tscinvbit, bmi1, bmi2

Memory: 4k page, physical 16658560k(12086092k free), swap 33435776k(27686336k free)

vm_info: Java HotSpot(TM) 64-Bit Server VM (25.121-b13) for windows-amd64 JRE (1.8.0_121-b13), built on Dec 12 2016 18:21:36 by "java_re" with MS VC++ 10.0 (VS2010)

time: Tue Jun 06 17:26:45 2017
elapsed time: 12 seconds (0d 0h 0m 12s)

