#
# A fatal error has been detected by the Java Runtime Environment:
#
#  EXCEPTION_ACCESS_VIOLATION (0xc0000005) at pc=0x00007ff87defd21a, pid=7972, tid=0x00000000000024a4
#
# JRE version: Java(TM) SE Runtime Environment (8.0_121-b13) (build 1.8.0_121-b13)
# Java VM: Java HotSpot(TM) 64-Bit Server VM (25.121-b13 mixed mode windows-amd64 compressed oops)
# Problematic frame:
# C  [explorerframe.dll+0x5d21a]
#
# Failed to write core dump. Minidumps are not enabled by default on client versions of Windows
#
# If you would like to submit a bug report, please visit:
#   http://bugreport.java.com/bugreport/crash.jsp
# The crash happened outside the Java Virtual Machine in native code.
# See problematic frame for where to report the bug.
#

---------------  T H R E A D  ---------------

Current thread (0x000000001e4b2800):  JavaThread "JavaFX Application Thread" [_thread_in_native, id=9380, stack(0x000000001efa0000,0x000000001f0a0000)]

siginfo: ExceptionCode=0xc0000005, reading address 0x0000000000000000

Registers:
RAX=0x0000000029db5c30, RBX=0x00000000270cf270, RCX=0x0000000000000000, RDX=0x00007ff87df12540
RSP=0x000000001f09a070, RBP=0x0000000000000000, RSI=0x0000000000000001, RDI=0x0000000000000000
R8 =0x0000000000000000, R9 =0x0000000000000000, R10=0x0000000029ef3170, R11=0x0000000000000000
R12=0x0000000029e09f00, R13=0x00000000018ca1c7, R14=0x0000000000000000, R15=0x0000000000000001
RIP=0x00007ff87defd21a, EFLAGS=0x0000000000010246

Top of Stack: (sp=0x000000001f09a070)
0x000000001f09a070:   0000000029d93250 00000000270cf270
0x000000001f09a080:   0000000000000000 0000000000000001
0x000000001f09a090:   00000000270cf270 00000000abcdef42
0x000000001f09a0a0:   0000000000000001 00007ff87662f7fc
0x000000001f09a0b0:   0000000029d93250 0000000000000021
0x000000001f09a0c0:   000000001f09a0f8 0000000000000040
0x000000001f09a0d0:   0000000029d93250 00000000270cf270
0x000000001f09a0e0:   3f8000003ca3d70a 0000000000000043
0x000000001f09a0f0:   0000000000000000 0000000012340036
0x000000001f09a100:   0000000029d93250 00007ff87661cca0
0x000000001f09a110:   0000000000000000 0000000000990986
0x000000001f09a120:   00007ff7143e0100 0000000050afa8a5
0x000000001f09a130:   0000000029e09f00 0000000800000001
0x000000001f09a140:   0000000000000000 0000000000000000
0x000000001f09a150:   0000000000000000 0000000000000000
0x000000001f09a160:   0000000000000000 0000000000000001 

Instructions: (pc=0x00007ff87defd21a)
0x00007ff87defd1fa:   15 89 a3 19 00 f6 05 3a f4 17 00 04 0f 85 fd 87
0x00007ff87defd20a:   05 00 48 8b 8b 80 02 00 00 48 8d 15 26 53 01 00
0x00007ff87defd21a:   48 8b 01 48 8b 40 38 48 3b c2 0f 85 f1 87 05 00
0x00007ff87defd22a:   e8 11 53 01 00 8b f0 85 c0 74 0c ff 15 e5 e2 13 


Register to memory mapping:

RAX=0x0000000029db5c30 is an unknown value
RBX=0x00000000270cf270 is an unknown value
RCX=0x0000000000000000 is an unknown value
RDX=0x00007ff87df12540 is an unknown value
RSP=0x000000001f09a070 is pointing into the stack for thread: 0x000000001e4b2800
RBP=0x0000000000000000 is an unknown value
RSI=0x0000000000000001 is an unknown value
RDI=0x0000000000000000 is an unknown value
R8 =0x0000000000000000 is an unknown value
R9 =0x0000000000000000 is an unknown value
R10=0x0000000029ef3170 is an unknown value
R11=0x0000000000000000 is an unknown value
R12=0x0000000029e09f00 is an unknown value
R13=0x00000000018ca1c7 is an unknown value
R14=0x0000000000000000 is an unknown value
R15=0x0000000000000001 is an unknown value


Stack: [0x000000001efa0000,0x000000001f0a0000],  sp=0x000000001f09a070,  free space=1000k
Native frames: (J=compiled Java code, j=interpreted, Vv=VM code, C=native code)

Java frames: (J=compiled Java code, j=interpreted, Vv=VM code)
j  com.sun.glass.ui.win.WinCommonDialogs._showFileChooser(JLjava/lang/String;Ljava/lang/String;Ljava/lang/String;IZ[Lcom/sun/glass/ui/CommonDialogs$ExtensionFilter;I)Lcom/sun/glass/ui/CommonDialogs$FileChooserResult;+0
j  com.sun.glass.ui.win.WinCommonDialogs.showFileChooser_impl(Lcom/sun/glass/ui/Window;Ljava/lang/String;Ljava/lang/String;Ljava/lang/String;IZ[Lcom/sun/glass/ui/CommonDialogs$ExtensionFilter;I)Lcom/sun/glass/ui/CommonDialogs$FileChooserResult;+35
j  com.sun.glass.ui.win.WinApplication.staticCommonDialogs_showFileChooser(Lcom/sun/glass/ui/Window;Ljava/lang/String;Ljava/lang/String;Ljava/lang/String;IZ[Lcom/sun/glass/ui/CommonDialogs$ExtensionFilter;I)Lcom/sun/glass/ui/CommonDialogs$FileChooserResult;+27
j  com.sun.glass.ui.CommonDialogs.showFileChooser(Lcom/sun/glass/ui/Window;Ljava/io/File;Ljava/lang/String;Ljava/lang/String;IZLjava/util/List;I)Lcom/sun/glass/ui/CommonDialogs$FileChooserResult;+121
j  com.sun.javafx.tk.quantum.QuantumToolkit.showFileChooser(Lcom/sun/javafx/tk/TKStage;Ljava/lang/String;Ljava/io/File;Ljava/lang/String;Lcom/sun/javafx/tk/FileChooserType;Ljava/util/List;Ljavafx/stage/FileChooser$ExtensionFilter;)Lcom/sun/glass/ui/CommonDialogs$FileChooserResult;+72
j  javafx.stage.FileChooser.showDialog(Ljavafx/stage/Window;Lcom/sun/javafx/tk/FileChooserType;)Ljava/util/List;+36
j  javafx.stage.FileChooser.showOpenDialog(Ljavafx/stage/Window;)Ljava/io/File;+5
j  br.com.wta.mfxloto.FXMLController$1.changed(Ljavafx/beans/value/ObservableValue;Ljava/lang/String;Ljava/lang/String;)V+179
j  br.com.wta.mfxloto.FXMLController$1.changed(Ljavafx/beans/value/ObservableValue;Ljava/lang/Object;Ljava/lang/Object;)V+10
j  com.sun.javafx.binding.ExpressionHelper$SingleChange.fireValueChangedEvent()V+71
J 1553 C1 javafx.beans.property.ReadOnlyObjectWrapper.fireValueChangedEvent()V (19 bytes) @ 0x00000000034f210c [0x00000000034f1d00+0x40c]
J 1093 C1 javafx.beans.property.ObjectPropertyBase.set(Ljava/lang/Object;)V (110 bytes) @ 0x0000000003386bec [0x0000000003386420+0x7cc]
j  javafx.scene.control.SelectionModel.setSelectedItem(Ljava/lang/Object;)V+5
j  javafx.scene.control.MultipleSelectionModelBase.lambda$new$34(Ljavafx/beans/Observable;)V+9
j  javafx.scene.control.MultipleSelectionModelBase$$Lambda$71.invalidated(Ljavafx/beans/Observable;)V+5
j  com.sun.javafx.binding.ExpressionHelper$SingleInvalidation.fireValueChangedEvent()V+8
J 1002 C1 com.sun.javafx.binding.ExpressionHelper.fireValueChangedEvent(Lcom/sun/javafx/binding/ExpressionHelper;)V (9 bytes) @ 0x000000000333295c [0x0000000003332840+0x11c]
j  javafx.beans.property.ReadOnlyIntegerPropertyBase.fireValueChangedEvent()V+4
j  javafx.beans.property.ReadOnlyIntegerWrapper.fireValueChangedEvent()V+15
j  javafx.beans.property.IntegerPropertyBase.markInvalid()V+17
j  javafx.beans.property.IntegerPropertyBase.set(I)V+106
j  javafx.scene.control.SelectionModel.setSelectedIndex(I)V+5
j  javafx.scene.control.MultipleSelectionModelBase.select(I)V+125
j  javafx.scene.control.MultipleSelectionModelBase.clearAndSelect(I)V+95
j  javafx.scene.control.ListView$ListViewBitSetSelectionModel.clearAndSelect(I)V+14
j  com.sun.javafx.scene.control.behavior.CellBehaviorBase.simpleSelect(Ljavafx/scene/input/MouseButton;IZ)V+56
j  com.sun.javafx.scene.control.behavior.CellBehaviorBase.doSelect(DDLjavafx/scene/input/MouseButton;IZZ)V+165
j  com.sun.javafx.scene.control.behavior.CellBehaviorBase.mousePressed(Ljavafx/scene/input/MouseEvent;)V+55
j  com.sun.javafx.scene.control.skin.BehaviorSkinBase$1.handle(Ljavafx/scene/input/MouseEvent;)V+62
j  com.sun.javafx.scene.control.skin.BehaviorSkinBase$1.handle(Ljavafx/event/Event;)V+5
J 2367 C1 com.sun.javafx.event.CompositeEventHandler$NormalEventHandlerRecord.handleBubblingEvent(Ljavafx/event/Event;)V (11 bytes) @ 0x00000000036ebc0c [0x00000000036ebb00+0x10c]
J 2049 C1 com.sun.javafx.event.CompositeEventHandler.dispatchBubblingEvent(Ljavafx/event/Event;)V (57 bytes) @ 0x000000000361f9cc [0x000000000361f780+0x24c]
J 2071 C1 com.sun.javafx.event.EventHandlerManager.dispatchBubblingEvent(Ljavafx/event/Event;)Ljavafx/event/Event; (23 bytes) @ 0x000000000362b24c [0x000000000362aba0+0x6ac]
J 2129 C1 com.sun.javafx.event.CompositeEventDispatcher.dispatchBubblingEvent(Ljavafx/event/Event;)Ljavafx/event/Event; (35 bytes) @ 0x000000000364075c [0x00000000036405a0+0x1bc]
J 2043 C1 com.sun.javafx.event.BasicEventDispatcher.dispatchEvent(Ljavafx/event/Event;Ljavafx/event/EventDispatchChain;)Ljavafx/event/Event; (44 bytes) @ 0x000000000361cd7c [0x000000000361ca40+0x33c]
J 2018 C1 com.sun.javafx.event.EventDispatchChainImpl.dispatchEvent(Ljavafx/event/Event;)Ljavafx/event/Event; (101 bytes) @ 0x000000000360063c [0x0000000003600480+0x1bc]
J 2043 C1 com.sun.javafx.event.BasicEventDispatcher.dispatchEvent(Ljavafx/event/Event;Ljavafx/event/EventDispatchChain;)Ljavafx/event/Event; (44 bytes) @ 0x000000000361cc94 [0x000000000361ca40+0x254]
J 2018 C1 com.sun.javafx.event.EventDispatchChainImpl.dispatchEvent(Ljavafx/event/Event;)Ljavafx/event/Event; (101 bytes) @ 0x000000000360063c [0x0000000003600480+0x1bc]
J 2043 C1 com.sun.javafx.event.BasicEventDispatcher.dispatchEvent(Ljavafx/event/Event;Ljavafx/event/EventDispatchChain;)Ljavafx/event/Event; (44 bytes) @ 0x000000000361cc94 [0x000000000361ca40+0x254]
J 2018 C1 com.sun.javafx.event.EventDispatchChainImpl.dispatchEvent(Ljavafx/event/Event;)Ljavafx/event/Event; (101 bytes) @ 0x000000000360063c [0x0000000003600480+0x1bc]
J 2043 C1 com.sun.javafx.event.BasicEventDispatcher.dispatchEvent(Ljavafx/event/Event;Ljavafx/event/EventDispatchChain;)Ljavafx/event/Event; (44 bytes) @ 0x000000000361cc94 [0x000000000361ca40+0x254]
J 2018 C1 com.sun.javafx.event.EventDispatchChainImpl.dispatchEvent(Ljavafx/event/Event;)Ljavafx/event/Event; (101 bytes) @ 0x000000000360063c [0x0000000003600480+0x1bc]
J 2043 C1 com.sun.javafx.event.BasicEventDispatcher.dispatchEvent(Ljavafx/event/Event;Ljavafx/event/EventDispatchChain;)Ljavafx/event/Event; (44 bytes) @ 0x000000000361cc94 [0x000000000361ca40+0x254]
J 2018 C1 com.sun.javafx.event.EventDispatchChainImpl.dispatchEvent(Ljavafx/event/Event;)Ljavafx/event/Event; (101 bytes) @ 0x000000000360063c [0x0000000003600480+0x1bc]
J 2043 C1 com.sun.javafx.event.BasicEventDispatcher.dispatchEvent(Ljavafx/event/Event;Ljavafx/event/EventDispatchChain;)Ljavafx/event/Event; (44 bytes) @ 0x000000000361cc94 [0x000000000361ca40+0x254]
J 2018 C1 com.sun.javafx.event.EventDispatchChainImpl.dispatchEvent(Ljavafx/event/Event;)Ljavafx/event/Event; (101 bytes) @ 0x000000000360063c [0x0000000003600480+0x1bc]
J 2043 C1 com.sun.javafx.event.BasicEventDispatcher.dispatchEvent(Ljavafx/event/Event;Ljavafx/event/EventDispatchChain;)Ljavafx/event/Event; (44 bytes) @ 0x000000000361cc94 [0x000000000361ca40+0x254]
J 2018 C1 com.sun.javafx.event.EventDispatchChainImpl.dispatchEvent(Ljavafx/event/Event;)Ljavafx/event/Event; (101 bytes) @ 0x000000000360063c [0x0000000003600480+0x1bc]
j  com.sun.javafx.event.EventUtil.fireEventImpl(Ljavafx/event/EventDispatchChain;Ljavafx/event/EventTarget;Ljavafx/event/Event;)Ljavafx/event/Event;+10
j  com.sun.javafx.event.EventUtil.fireEvent(Ljavafx/event/EventTarget;Ljavafx/event/Event;)Ljavafx/event/Event;+46
j  javafx.event.Event.fireEvent(Ljavafx/event/EventTarget;Ljavafx/event/Event;)V+30
j  javafx.scene.Scene$MouseHandler.process(Ljavafx/scene/input/MouseEvent;Z)V+491
j  javafx.scene.Scene$MouseHandler.access$1500(Ljavafx/scene/Scene$MouseHandler;Ljavafx/scene/input/MouseEvent;Z)V+3
j  javafx.scene.Scene.impl_processMouseEvent(Ljavafx/scene/input/MouseEvent;)V+6
j  javafx.scene.Scene$ScenePeerListener.mouseEvent(Ljavafx/event/EventType;DDDDLjavafx/scene/input/MouseButton;ZZZZZZZZZ)V+46
j  com.sun.javafx.tk.quantum.GlassViewEventHandler$MouseEventNotification.run()Ljava/lang/Void;+514
j  com.sun.javafx.tk.quantum.GlassViewEventHandler$MouseEventNotification.run()Ljava/lang/Object;+1
v  ~StubRoutines::call_stub
J 2368  java.security.AccessController.doPrivileged(Ljava/security/PrivilegedAction;Ljava/security/AccessControlContext;)Ljava/lang/Object; (0 bytes) @ 0x00000000036ebfe6 [0x00000000036ebf80+0x66]
j  com.sun.javafx.tk.quantum.GlassViewEventHandler.lambda$handleMouseEvent$354()Ljava/lang/Void;+11
j  com.sun.javafx.tk.quantum.GlassViewEventHandler$$Lambda$324.get()Ljava/lang/Object;+4
j  com.sun.javafx.tk.quantum.QuantumToolkit.runWithoutRenderLock(Ljava/util/function/Supplier;)Ljava/lang/Object;+18
j  com.sun.javafx.tk.quantum.GlassViewEventHandler.handleMouseEvent(Lcom/sun/glass/ui/View;JIIIIIIIZZ)V+103
j  com.sun.glass.ui.View.handleMouseEvent(JIIIIIIIZZ)V+30
j  com.sun.glass.ui.View.notifyMouse(IIIIIIIZZ)V+181
v  ~StubRoutines::call_stub
j  com.sun.glass.ui.win.WinApplication._runLoop(Ljava/lang/Runnable;)V+0
j  com.sun.glass.ui.win.WinApplication.lambda$null$148(ILjava/lang/Runnable;)V+8
j  com.sun.glass.ui.win.WinApplication$$Lambda$38.run()V+12
j  java.lang.Thread.run()V+11
v  ~StubRoutines::call_stub

---------------  P R O C E S S  ---------------

Java Threads: ( => current thread )
  0x0000000023d65800 JavaThread "Prism Font Disposer" daemon [_thread_blocked, id=11652, stack(0x00000000264b0000,0x00000000265b0000)]
  0x000000001e536000 JavaThread "Thread-3" daemon [_thread_in_native, id=11580, stack(0x0000000023630000,0x0000000023730000)]
  0x000000001e568000 JavaThread "JavaFX-Launcher" [_thread_blocked, id=2024, stack(0x0000000023730000,0x0000000023830000)]
=>0x000000001e4b2800 JavaThread "JavaFX Application Thread" [_thread_in_native, id=9380, stack(0x000000001efa0000,0x000000001f0a0000)]
  0x000000001e295000 JavaThread "Thread-1" daemon [_thread_blocked, id=7320, stack(0x000000001eea0000,0x000000001efa0000)]
  0x000000001e29e800 JavaThread "QuantumRenderer-0" daemon [_thread_blocked, id=12428, stack(0x000000001eca0000,0x000000001eda0000)]
  0x000000001ded0800 JavaThread "Service Thread" daemon [_thread_blocked, id=10808, stack(0x000000001e2a0000,0x000000001e3a0000)]
  0x000000001c55e800 JavaThread "C1 CompilerThread2" daemon [_thread_blocked, id=10812, stack(0x000000001dda0000,0x000000001dea0000)]
  0x000000001c55b800 JavaThread "C2 CompilerThread1" daemon [_thread_blocked, id=11252, stack(0x000000001dca0000,0x000000001dda0000)]
  0x000000001c559000 JavaThread "C2 CompilerThread0" daemon [_thread_blocked, id=12812, stack(0x000000001dba0000,0x000000001dca0000)]
  0x000000001c558000 JavaThread "Attach Listener" daemon [_thread_blocked, id=5272, stack(0x000000001daa0000,0x000000001dba0000)]
  0x000000001c556800 JavaThread "Signal Dispatcher" daemon [_thread_blocked, id=384, stack(0x000000001d9a0000,0x000000001daa0000)]
  0x0000000002a3e800 JavaThread "Finalizer" daemon [_thread_blocked, id=3224, stack(0x000000001d7a0000,0x000000001d8a0000)]
  0x000000001c519000 JavaThread "Reference Handler" daemon [_thread_blocked, id=3052, stack(0x000000001d6a0000,0x000000001d7a0000)]
  0x0000000002948800 JavaThread "main" [_thread_blocked, id=3576, stack(0x0000000002e80000,0x0000000002f80000)]

Other Threads:
  0x000000001c517800 VMThread [stack: 0x000000001d5a0000,0x000000001d6a0000] [id=9908]
  0x000000001df68800 WatcherThread [stack: 0x000000001e3a0000,0x000000001e4a0000] [id=3788]

VM state:not at safepoint (normal execution)

VM Mutex/Monitor currently owned by a thread: None

Heap:
 PSYoungGen      total 76288K, used 14349K [0x000000076b400000, 0x0000000770900000, 0x00000007c0000000)
  eden space 65536K, 5% used [0x000000076b400000,0x000000076b788290,0x000000076f400000)
  from space 10752K, 99% used [0x000000076f400000,0x000000076fe7b2c8,0x000000076fe80000)
  to   space 10752K, 0% used [0x000000076fe80000,0x000000076fe80000,0x0000000770900000)
 ParOldGen       total 175104K, used 160K [0x00000006c1c00000, 0x00000006cc700000, 0x000000076b400000)
  object space 175104K, 0% used [0x00000006c1c00000,0x00000006c1c28010,0x00000006cc700000)
 Metaspace       used 18243K, capacity 19520K, committed 19584K, reserved 1067008K
  class space    used 2663K, capacity 2930K, committed 2944K, reserved 1048576K

Card table byte_map: [0x0000000012340000,0x0000000012b40000] byte_map_base: 0x000000000ed32000

Marking Bits: (ParMarkBitMap*) 0x0000000077e1b6d0
 Begin Bits: [0x0000000013490000, 0x0000000017420000)
 End Bits:   [0x0000000017420000, 0x000000001b3b0000)

Polling page: 0x0000000000eb0000

CodeCache: size=245760Kb used=7673Kb max_used=7673Kb free=238086Kb
 bounds [0x0000000002f80000, 0x0000000003710000, 0x0000000011f80000]
 total_blobs=3063 nmethods=2422 adapters=553
 compilation: enabled

Compilation events (10 events):
Event: 6.559 Thread 0x000000001c55e800 2418       1       com.sun.prism.impl.ManagedResource::isPermanent (5 bytes)
Event: 6.559 Thread 0x000000001c55e800 nmethod 2418 0x0000000003700150 code [0x00000000037002a0, 0x00000000037003b0]
Event: 6.823 Thread 0x000000001c55e800 2420       3       com.sun.javafx.tk.quantum.QuantumRenderer::checkRendererIdle (186 bytes)
Event: 6.823 Thread 0x000000001c55e800 nmethod 2420 0x0000000003700410 code [0x0000000003700560, 0x00000000037006d0]
Event: 6.823 Thread 0x000000001c55e800 2421       3       java.util.concurrent.CopyOnWriteArrayList::size (6 bytes)
Event: 6.823 Thread 0x000000001c55e800 nmethod 2421 0x0000000003700750 code [0x00000000037008a0, 0x0000000003700a90]
Event: 6.823 Thread 0x000000001c55e800 2422       3       javafx.event.Event::fireEvent (35 bytes)
Event: 6.823 Thread 0x000000001c55e800 nmethod 2422 0x0000000003700b50 code [0x0000000003700ce0, 0x0000000003701028]
Event: 6.823 Thread 0x000000001c55e800 2423   !   3       com.sun.javafx.event.EventUtil::fireEvent (81 bytes)
Event: 6.824 Thread 0x000000001c55e800 nmethod 2423 0x0000000003701190 code [0x0000000003701400, 0x00000000037022a8]

GC Heap History (2 events):
Event: 4.917 GC heap before
{Heap before GC invocations=1 (full 0):
 PSYoungGen      total 76288K, used 65536K [0x000000076b400000, 0x0000000770900000, 0x00000007c0000000)
  eden space 65536K, 100% used [0x000000076b400000,0x000000076f400000,0x000000076f400000)
  from space 10752K, 0% used [0x000000076fe80000,0x000000076fe80000,0x0000000770900000)
  to   space 10752K, 0% used [0x000000076f400000,0x000000076f400000,0x000000076fe80000)
 ParOldGen       total 175104K, used 0K [0x00000006c1c00000, 0x00000006cc700000, 0x000000076b400000)
  object space 175104K, 0% used [0x00000006c1c00000,0x00000006c1c00000,0x00000006cc700000)
 Metaspace       used 18059K, capacity 19386K, committed 19584K, reserved 1067008K
  class space    used 2657K, capacity 2929K, committed 2944K, reserved 1048576K
Event: 4.929 GC heap after
Heap after GC invocations=1 (full 0):
 PSYoungGen      total 76288K, used 10732K [0x000000076b400000, 0x0000000770900000, 0x00000007c0000000)
  eden space 65536K, 0% used [0x000000076b400000,0x000000076b400000,0x000000076f400000)
  from space 10752K, 99% used [0x000000076f400000,0x000000076fe7b2c8,0x000000076fe80000)
  to   space 10752K, 0% used [0x000000076fe80000,0x000000076fe80000,0x0000000770900000)
 ParOldGen       total 175104K, used 160K [0x00000006c1c00000, 0x00000006cc700000, 0x000000076b400000)
  object space 175104K, 0% used [0x00000006c1c00000,0x00000006c1c28010,0x00000006cc700000)
 Metaspace       used 18059K, capacity 19386K, committed 19584K, reserved 1067008K
  class space    used 2657K, capacity 2929K, committed 2944K, reserved 1048576K
}

Deoptimization events (10 events):
Event: 4.900 Thread 0x000000001e4b2800 Uncommon trap: reason=class_check action=maybe_recompile pc=0x000000000356cfd0 method=javafx.scene.Node.impl_geomChanged()V @ 33
Event: 4.901 Thread 0x000000001e4b2800 Uncommon trap: reason=class_check action=maybe_recompile pc=0x0000000003609488 method=javafx.scene.Node.updateLocalToParentTransform()V @ 11
Event: 4.913 Thread 0x000000001e4b2800 Uncommon trap: reason=class_check action=maybe_recompile pc=0x00000000033e1d78 method=com.sun.javafx.collections.ObservableListWrapper.get(I)Ljava/lang/Object; @ 5
Event: 4.916 Thread 0x000000001e4b2800 Uncommon trap: reason=class_check action=maybe_recompile pc=0x00000000033e1d78 method=com.sun.javafx.collections.ObservableListWrapper.get(I)Ljava/lang/Object; @ 5
Event: 4.929 Thread 0x000000001e4b2800 Uncommon trap: reason=class_check action=maybe_recompile pc=0x00000000033e1d78 method=com.sun.javafx.collections.ObservableListWrapper.get(I)Ljava/lang/Object; @ 5
Event: 4.932 Thread 0x0000000002a3e800 Uncommon trap: reason=unstable_if action=reinterpret pc=0x00000000033e01dc method=java.lang.ref.ReferenceQueue.poll()Ljava/lang/ref/Reference; @ 4
Event: 4.955 Thread 0x000000001e4b2800 Uncommon trap: reason=class_check action=maybe_recompile pc=0x0000000003609488 method=javafx.scene.Node.updateLocalToParentTransform()V @ 11
Event: 4.955 Thread 0x000000001e4b2800 Uncommon trap: reason=class_check action=maybe_recompile pc=0x0000000003609488 method=javafx.scene.Node.updateLocalToParentTransform()V @ 11
Event: 4.955 Thread 0x000000001e4b2800 Uncommon trap: reason=class_check action=maybe_recompile pc=0x0000000003609488 method=javafx.scene.Node.updateLocalToParentTransform()V @ 11
Event: 6.222 Thread 0x000000001e4b2800 Uncommon trap: reason=class_check action=maybe_recompile pc=0x00000000033e1d78 method=com.sun.javafx.collections.ObservableListWrapper.get(I)Ljava/lang/Object; @ 5

Internal exceptions (10 events):
Event: 1.050 Thread 0x000000001e4b2800 Exception <a 'java/lang/NullPointerException'> (0x000000076c65a9a0) thrown at [C:\re\workspace\8-2-build-windows-amd64-cygwin\jdk8u121\8372\hotspot\src\share\vm\prims\jvm.cpp, line 1394]
Event: 1.200 Thread 0x000000001e4b2800 Exception <a 'java/lang/ArrayIndexOutOfBoundsException'> (0x000000076ce15170) thrown at [C:\re\workspace\8-2-build-windows-amd64-cygwin\jdk8u121\8372\hotspot\src\share\vm\runtime\sharedRuntime.cpp, line 605]
Event: 1.201 Thread 0x000000001e4b2800 Exception <a 'java/lang/ArrayIndexOutOfBoundsException'> (0x000000076ce15ea0) thrown at [C:\re\workspace\8-2-build-windows-amd64-cygwin\jdk8u121\8372\hotspot\src\share\vm\runtime\sharedRuntime.cpp, line 605]
Event: 1.201 Thread 0x000000001e4b2800 Exception <a 'java/lang/ArrayIndexOutOfBoundsException'> (0x000000076ce17248) thrown at [C:\re\workspace\8-2-build-windows-amd64-cygwin\jdk8u121\8372\hotspot\src\share\vm\runtime\sharedRuntime.cpp, line 605]
Event: 1.266 Thread 0x000000001e4b2800 Exception <a 'java/lang/ArrayIndexOutOfBoundsException'> (0x000000076d212180) thrown at [C:\re\workspace\8-2-build-windows-amd64-cygwin\jdk8u121\8372\hotspot\src\share\vm\runtime\sharedRuntime.cpp, line 605]
Event: 1.274 Thread 0x000000001e4b2800 Exception <a 'java/lang/ArrayIndexOutOfBoundsException'> (0x000000076d2ed1d0) thrown at [C:\re\workspace\8-2-build-windows-amd64-cygwin\jdk8u121\8372\hotspot\src\share\vm\runtime\sharedRuntime.cpp, line 605]
Event: 1.275 Thread 0x000000001e4b2800 Exception <a 'java/lang/ArrayIndexOutOfBoundsException'> (0x000000076d2f4760) thrown at [C:\re\workspace\8-2-build-windows-amd64-cygwin\jdk8u121\8372\hotspot\src\share\vm\runtime\sharedRuntime.cpp, line 605]
Event: 1.289 Thread 0x000000001e4b2800 Exception <a 'java/lang/ArrayIndexOutOfBoundsException'> (0x000000076d4723f8) thrown at [C:\re\workspace\8-2-build-windows-amd64-cygwin\jdk8u121\8372\hotspot\src\share\vm\runtime\sharedRuntime.cpp, line 605]
Event: 1.319 Thread 0x000000001e4b2800 Exception <a 'java/lang/ArrayIndexOutOfBoundsException'> (0x000000076d6de6d0) thrown at [C:\re\workspace\8-2-build-windows-amd64-cygwin\jdk8u121\8372\hotspot\src\share\vm\runtime\sharedRuntime.cpp, line 605]
Event: 1.396 Thread 0x000000001e4b2800 Implicit null exception at 0x00000000032426f5 to 0x0000000003242925

Events (10 events):
Event: 6.223 loading class javafx/stage/FileChooser$ExtensionFilter
Event: 6.223 loading class javafx/stage/FileChooser$ExtensionFilter done
Event: 6.224 loading class com/sun/javafx/tk/FileChooserType
Event: 6.224 loading class com/sun/javafx/tk/FileChooserType done
Event: 6.225 loading class com/sun/glass/ui/CommonDialogs$ExtensionFilter
Event: 6.225 loading class com/sun/glass/ui/CommonDialogs$ExtensionFilter done
Event: 6.226 loading class com/sun/glass/ui/CommonDialogs
Event: 6.226 loading class com/sun/glass/ui/CommonDialogs done
Event: 6.229 loading class com/sun/glass/ui/win/WinCommonDialogs
Event: 6.229 loading class com/sun/glass/ui/win/WinCommonDialogs done


Dynamic libraries:
0x00007ff7148b0000 - 0x00007ff7148e7000 	C:\Program Files\Java\jdk1.8.0_121\bin\java.exe
0x00007ff899f00000 - 0x00007ff89a0d1000 	C:\WINDOWS\SYSTEM32\ntdll.dll
0x00007ff899bb0000 - 0x00007ff899c5c000 	C:\WINDOWS\System32\kernel32.dll
0x00007ff896780000 - 0x00007ff89699d000 	C:\WINDOWS\System32\KERNELBASE.dll
0x0000000050ad0000 - 0x0000000050b41000 	C:\Program Files\Sandboxie\SbieDll.dll
0x00007ff899b60000 - 0x00007ff899b68000 	C:\WINDOWS\System32\PSAPI.DLL
0x00007ff8976d0000 - 0x00007ff897772000 	C:\WINDOWS\System32\ADVAPI32.dll
0x00007ff899e60000 - 0x00007ff899efe000 	C:\WINDOWS\System32\msvcrt.dll
0x00007ff899b00000 - 0x00007ff899b59000 	C:\WINDOWS\System32\sechost.dll
0x00007ff897780000 - 0x00007ff8978a1000 	C:\WINDOWS\System32\RPCRT4.dll
0x00007ff899990000 - 0x00007ff899af5000 	C:\WINDOWS\System32\USER32.dll
0x00007ff897410000 - 0x00007ff89742e000 	C:\WINDOWS\System32\win32u.dll
0x00007ff899b70000 - 0x00007ff899ba4000 	C:\WINDOWS\System32\GDI32.dll
0x00007ff8964a0000 - 0x00007ff896622000 	C:\WINDOWS\System32\gdi32full.dll
0x00007ff88aed0000 - 0x00007ff88b14a000 	C:\WINDOWS\WinSxS\amd64_microsoft.windows.common-controls_6595b64144ccf1df_6.0.14393.953_none_42151e83c686086b\COMCTL32.dll
0x00007ff8990c0000 - 0x00007ff899388000 	C:\WINDOWS\System32\combase.dll
0x00007ff896630000 - 0x00007ff896725000 	C:\WINDOWS\System32\ucrtbase.dll
0x00007ff896cc0000 - 0x00007ff896d2a000 	C:\WINDOWS\System32\bcryptPrimitives.dll
0x00007ff898e30000 - 0x00007ff898e5e000 	C:\WINDOWS\System32\IMM32.DLL
0x00007ff894a30000 - 0x00007ff894ac5000 	C:\WINDOWS\system32\uxtheme.dll
0x00007ff898f60000 - 0x00007ff8990ba000 	C:\WINDOWS\System32\MSCTF.dll
0x00007ff897490000 - 0x00007ff89754f000 	C:\WINDOWS\System32\OLEAUT32.dll
0x00007ff8969a0000 - 0x00007ff896a3c000 	C:\WINDOWS\System32\msvcp_win.dll
0x00007ff894150000 - 0x00007ff894176000 	C:\WINDOWS\system32\dwmapi.dll
0x00007ff897920000 - 0x00007ff898e28000 	C:\WINDOWS\System32\shell32.dll
0x00007ff896730000 - 0x00007ff896772000 	C:\WINDOWS\System32\cfgmgr32.dll
0x00007ff896d30000 - 0x00007ff89740a000 	C:\WINDOWS\System32\windows.storage.dll
0x00007ff8963a0000 - 0x00007ff8963ec000 	C:\WINDOWS\System32\powrprof.dll
0x00007ff897560000 - 0x00007ff8975b2000 	C:\WINDOWS\System32\shlwapi.dll
0x00007ff896380000 - 0x00007ff89638f000 	C:\WINDOWS\System32\kernel.appcore.dll
0x00007ff896a40000 - 0x00007ff896ae9000 	C:\WINDOWS\System32\shcore.dll
0x00007ff896360000 - 0x00007ff896374000 	C:\WINDOWS\System32\profapi.dll
0x0000000050160000 - 0x0000000050232000 	C:\Program Files\Java\jdk1.8.0_121\jre\bin\msvcr100.dll
0x0000000077600000 - 0x0000000077e9b000 	C:\Program Files\Java\jdk1.8.0_121\jre\bin\server\jvm.dll
0x00007ff886f50000 - 0x00007ff886f59000 	C:\WINDOWS\SYSTEM32\WSOCK32.dll
0x00007ff8997e0000 - 0x00007ff89984a000 	C:\WINDOWS\System32\WS2_32.dll
0x00007ff8947a0000 - 0x00007ff8947c3000 	C:\WINDOWS\SYSTEM32\WINMM.dll
0x00007ff88f430000 - 0x00007ff88f43a000 	C:\WINDOWS\SYSTEM32\VERSION.dll
0x00007ff8946f0000 - 0x00007ff89471b000 	C:\WINDOWS\SYSTEM32\WINMMBASE.dll
0x00007ff893cf0000 - 0x00007ff893e75000 	C:\WINDOWS\SYSTEM32\PROPSYS.dll
0x0000000050150000 - 0x000000005015f000 	C:\Program Files\Java\jdk1.8.0_121\jre\bin\verify.dll
0x00000000500c0000 - 0x00000000500e9000 	C:\Program Files\Java\jdk1.8.0_121\jre\bin\java.dll
0x00007ff899850000 - 0x00007ff899988000 	C:\WINDOWS\System32\ole32.dll
0x00000000500a0000 - 0x00000000500b6000 	C:\Program Files\Java\jdk1.8.0_121\jre\bin\zip.dll
0x00007ff877b70000 - 0x00007ff877c5f000 	C:\Program Files\Java\jdk1.8.0_121\jre\bin\msvcr120.dll
0x00007ff877ac0000 - 0x00007ff877b66000 	C:\Program Files\Java\jdk1.8.0_121\jre\bin\msvcp120.dll
0x0000000077380000 - 0x00000000773a2000 	C:\Program Files\Java\jdk1.8.0_121\jre\bin\prism_d3d.dll
0x00007ff86f490000 - 0x00007ff86f61d000 	C:\WINDOWS\system32\d3d9.dll
0x00007ff85e730000 - 0x00007ff860c6e000 	C:\WINDOWS\SYSTEM32\igdumdim64.dll
0x00007ff899390000 - 0x00007ff8997b9000 	C:\WINDOWS\System32\SETUPAPI.dll
0x0000000076690000 - 0x00000000766d3000 	C:\Program Files\Java\jdk1.8.0_121\jre\bin\glass.dll
0x00007ff898e60000 - 0x00007ff898f5a000 	C:\WINDOWS\System32\COMDLG32.dll
0x00007ff88d250000 - 0x00007ff88dc90000 	C:\WINDOWS\SYSTEM32\igdusc64.dll
0x0000000077360000 - 0x0000000077374000 	C:\Program Files\Java\jdk1.8.0_121\jre\bin\javafx_font.dll
0x00007ff88c2b0000 - 0x00007ff88c519000 	C:\WINDOWS\SYSTEM32\dwrite.dll
0x00007ff897630000 - 0x00007ff8976cf000 	C:\WINDOWS\System32\clbcatq.dll
0x00007ff88ddd0000 - 0x00007ff88df78000 	C:\WINDOWS\SYSTEM32\WindowsCodecs.dll
0x00007ff87e330000 - 0x00007ff87e379000 	C:\WINDOWS\system32\dataexchange.dll
0x00007ff893630000 - 0x00007ff8938e6000 	C:\WINDOWS\system32\d3d11.dll
0x00007ff893ff0000 - 0x00007ff894141000 	C:\WINDOWS\system32\dcomp.dll
0x00007ff8952e0000 - 0x00007ff89537f000 	C:\WINDOWS\system32\dxgi.dll
0x00007ff894db0000 - 0x00007ff894ecc000 	C:\WINDOWS\system32\twinapi.appcore.dll
0x00007ff895f40000 - 0x00007ff895f6b000 	C:\WINDOWS\system32\bcrypt.dll
0x00007ff887110000 - 0x00007ff887142000 	C:\Program Files\Common Files\Microsoft Shared\Ink\rtscom.dll
0x0000000076670000 - 0x0000000076681000 	C:\Program Files\Java\jdk1.8.0_121\jre\bin\prism_common.dll
0x00007ff8799f0000 - 0x00007ff879a88000 	C:\Program Files\Common Files\microsoft shared\ink\tiptsf.dll
0x00007ff87f340000 - 0x00007ff87f382000 	C:\WINDOWS\SYSTEM32\edputil.dll
0x00007ff87dea0000 - 0x00007ff87e324000 	C:\WINDOWS\system32\explorerframe.dll
0x00007ff883420000 - 0x00007ff8835c8000 	C:\WINDOWS\system32\DUI70.dll
0x00007ff876610000 - 0x00007ff8766a4000 	C:\WINDOWS\system32\DUser.dll
0x00007ff87d460000 - 0x00007ff87d4b3000 	C:\Windows\System32\thumbcache.dll
0x00007ff88aaf0000 - 0x00007ff88ab33000 	C:\WINDOWS\SYSTEM32\policymanager.dll
0x00007ff894d10000 - 0x00007ff894da1000 	C:\WINDOWS\SYSTEM32\msvcp110_win.dll
0x00007ff881020000 - 0x00007ff881335000 	C:\WINDOWS\SYSTEM32\MsftEdit.dll
0x00007ff88c120000 - 0x00007ff88c2aa000 	C:\Windows\System32\Windows.Globalization.dll
0x00007ff893e80000 - 0x00007ff893ee7000 	C:\Windows\System32\Bcp47Langs.dll
0x00007ff893600000 - 0x00007ff89362e000 	C:\WINDOWS\SYSTEM32\globinputhost.dll
0x00007ff88c0e0000 - 0x00007ff88c116000 	C:\WINDOWS\system32\xmllite.dll
0x00007ff88f0b0000 - 0x00007ff88f115000 	C:\WINDOWS\system32\OLEACC.dll
0x00007ff882b20000 - 0x00007ff882cca000 	C:\Windows\System32\uiautomationcore.dll
0x00007ff895b10000 - 0x00007ff895b2f000 	C:\Windows\System32\USERENV.dll
0x00007ff896230000 - 0x00007ff8962c8000 	C:\WINDOWS\SYSTEM32\sxs.dll
0x00007ff879f60000 - 0x00007ff879f69000 	C:\WINDOWS\SYSTEM32\atlthunk.dll
0x00007ff88a030000 - 0x00007ff88a0d0000 	C:\WINDOWS\System32\StructuredQuery.dll
0x00007ff870fe0000 - 0x00007ff8710aa000 	C:\WINDOWS\system32\Windows.Storage.Search.dll
0x00007ff8978b0000 - 0x00007ff89791e000 	C:\WINDOWS\System32\coml2.dll
0x00007ff87f390000 - 0x00007ff87f3a0000 	C:\WINDOWS\SYSTEM32\LINKINFO.dll
0x00007ff88a3b0000 - 0x00007ff88a715000 	C:\Windows\System32\ActXPrxy.dll
0x00007ff886260000 - 0x00007ff88626c000 	C:\WINDOWS\SYSTEM32\Secur32.dll
0x00007ff896060000 - 0x00007ff89608c000 	C:\WINDOWS\SYSTEM32\SSPICLI.DLL
0x00007ff87ec60000 - 0x00007ff87ecdd000 	C:\Windows\System32\twinapi.dll
0x00007ff889200000 - 0x00007ff8892d2000 	C:\WINDOWS\SYSTEM32\ntshrui.dll
0x00007ff8891d0000 - 0x00007ff8891f6000 	C:\WINDOWS\SYSTEM32\srvcli.dll
0x00007ff8891b0000 - 0x00007ff8891c2000 	C:\WINDOWS\SYSTEM32\cscapi.dll
0x00007ff894720000 - 0x00007ff89479a000 	C:\WINDOWS\SYSTEM32\apphelp.dll
0x00007ff876d60000 - 0x00007ff876f72000 	C:\Users\w_tel\AppData\Local\Microsoft\OneDrive\17.3.6816.0313_1\amd64\FileSyncShell64.dll
0x00007ff881880000 - 0x00007ff881b4a000 	C:\WINDOWS\SYSTEM32\WININET.dll
0x00007ff8913c0000 - 0x00007ff8913df000 	C:\Users\w_tel\AppData\Local\Microsoft\OneDrive\17.3.6816.0313_1\amd64\LoggingPlatform64.DLL
0x00007ff88a1d0000 - 0x00007ff88a206000 	C:\Windows\System32\EhStorShell.dll
0x00007ff8932d0000 - 0x00007ff893394000 	C:\WINDOWS\System32\cscui.dll
0x00007ff884c40000 - 0x00007ff884d67000 	C:\WINDOWS\system32\NetworkExplorer.dll
0x00007ff880dc0000 - 0x00007ff880ddb000 	C:\WINDOWS\SYSTEM32\MPR.dll
0x00007ff88a9e0000 - 0x00007ff88a9f6000 	C:\WINDOWS\System32\ntlanman.dll
0x00007ff88a9d0000 - 0x00007ff88a9db000 	C:\WINDOWS\System32\drprov.dll
0x00007ff8954c0000 - 0x00007ff895516000 	C:\WINDOWS\System32\WINSTA.dll
0x00007ff88a760000 - 0x00007ff88a780000 	C:\WINDOWS\System32\davclnt.dll
0x00007ff88a9c0000 - 0x00007ff88a9cc000 	C:\WINDOWS\System32\DAVHLPR.dll
0x00007ff892c80000 - 0x00007ff892c96000 	C:\WINDOWS\System32\wkscli.dll
0x00007ff895b00000 - 0x00007ff895b0d000 	C:\WINDOWS\System32\netutils.dll
0x00007ff884610000 - 0x00007ff8847a2000 	C:\WINDOWS\SYSTEM32\dbghelp.dll
0x00007ff8647f0000 - 0x00007ff86483d000 	C:\Windows\System32\dlnashext.dll
0x00007ff879920000 - 0x00007ff879990000 	C:\Windows\System32\PlayToDevice.dll
0x00007ff8892e0000 - 0x00007ff8892fe000 	C:\Windows\System32\DevDispItemProvider.dll

VM Arguments:
java_command: br.com.wta.mfxloto.MainApp
java_class_path (initial): D:\w_tel\Documents\NetBeansProjects\MFXLoto\target\classes;C:\Users\w_tel\.m2\repository\com\jfoenix\jfoenix\1.5.0\jfoenix-1.5.0.jar;C:\Users\w_tel\.m2\repository\nz\ac\waikato\cms\weka\weka-stable\3.8.1\weka-stable-3.8.1.jar;C:\Users\w_tel\.m2\repository\nz\ac\waikato\cms\weka\thirdparty\java-cup-11b\2015.03.26\java-cup-11b-2015.03.26.jar;C:\Users\w_tel\.m2\repository\nz\ac\waikato\cms\weka\thirdparty\java-cup-11b-runtime\2015.03.26\java-cup-11b-runtime-2015.03.26.jar;C:\Users\w_tel\.m2\repository\nz\ac\waikato\cms\weka\thirdparty\bounce\0.18\bounce-0.18.jar;C:\Users\w_tel\.m2\repository\com\googlecode\matrix-toolkits-java\mtj\1.0.4\mtj-1.0.4.jar;C:\Users\w_tel\.m2\repository\com\github\fommil\netlib\netlib-native_ref-osx-x86_64\1.1\netlib-native_ref-osx-x86_64-1.1-natives.jar;C:\Users\w_tel\.m2\repository\com\github\fommil\netlib\native_ref-java\1.1\native_ref-java-1.1.jar;C:\Users\w_tel\.m2\repository\com\github\fommil\jniloader\1.1\jniloader-1.1.jar;C:\Users\w_tel\.m2\repository\com\github\fommil\netlib\netlib-native_ref-linux-x86_64\1.1\netlib-native_ref-linux-x86_64-1.1-natives.jar;C:\Users\w_tel\.m2\repository\com\github\fommil\netlib\netlib-native_ref-linux-i686\1.1\netlib-native_ref-linux-i686-1.1-natives.jar;C:\Users\w_tel\.m2\repository\com\github\fommil\netlib\netlib-native_ref-win-x86_64\1.1\netlib-native_ref-win-x86_64-1.1-natives.jar;C:\Users\w_tel\.m2\repository\com\github\fommil\netlib\netlib-native_ref-win-i686\1.1\netlib-native_ref-win-i686-1.1-natives.jar;C:\Users\w_tel\.m2\repository\com\github\fommil\netlib\netlib-native_ref-linux-armhf\1.1\netlib-native_ref-linux-armhf-1.1-natives.jar;C:\Users\w_tel\.m2\repository\com\github\fommil\netlib\netlib-native_system-osx-x86_64\1.1\netlib-native_system-osx-x86_64-1.1-natives.jar;C:\Users\w_tel\.m2\repository\com\github\fommil\netlib\native_system-java\1.1\native_system-java-1.1.jar;C:\Users\w_tel\.m2\repository\com\github\fommil\netlib\netlib-native_system-linux-x86_64\1.1
Launcher Type: SUN_STANDARD

Environment Variables:
JAVA_HOME=C:\Program Files\Java\jdk1.8.0_121
PATH=C:\WINDOWS\system32;C:\WINDOWS;C:\WINDOWS\System32\Wbem;C:\WINDOWS\System32\WindowsPowerShell\v1.0\;C:\Program Files\OpenVPN\bin;C:\Program Files (x86)\NVIDIA Corporation\PhysX\Common;C:\Program Files\Mercurial;C:\Users\w_tel\AppData\Local\Microsoft\WindowsApps;
USERNAME=w_tel
OS=Windows_NT
PROCESSOR_IDENTIFIER=Intel64 Family 6 Model 60 Stepping 3, GenuineIntel



---------------  S Y S T E M  ---------------

OS: Windows 10.0 , 64 bit Build 14393 (10.0.14393.1198)

CPU:total 4 (2 cores per cpu, 2 threads per core) family 6 model 60 stepping 3, cmov, cx8, fxsr, mmx, sse, sse2, sse3, ssse3, sse4.1, sse4.2, popcnt, avx, avx2, aes, clmul, erms, lzcnt, ht, tsc, tscinvbit, bmi1, bmi2

Memory: 4k page, physical 16658560k(12076324k free), swap 33435776k(27682624k free)

vm_info: Java HotSpot(TM) 64-Bit Server VM (25.121-b13) for windows-amd64 JRE (1.8.0_121-b13), built on Dec 12 2016 18:21:36 by "java_re" with MS VC++ 10.0 (VS2010)

time: Tue Jun 06 17:33:14 2017
elapsed time: 8 seconds (0d 0h 0m 8s)

